[+] Containers:
 |- [+] Container: /Game/ThirdPerson/Maps/CollectionGame
 |   |- [+] ActorDescs:
 |   |   |- Guid:089A3D8E4AF678E4EC36E3BCD87BF75B BaseClass:/Game/Blueprints/BP_Statue.BP_Statue_C NativeClass:/Script/Engine.Actor Name:BP_Statue_C_UAID_C45AB1EAA43287AD01_1971288614 Label:BP_Statue8 SpatiallyLoaded:1 Bounds:IsValid=true, Min=(X=220.670 Y=280.670 Z=0.000), Max=(X=259.330 Y=319.330 Z=86.633) RuntimeGrid:None EditorOnly:0 RuntimeOnly:0 HLODRelevant:0 FolderPath:Statues FolderGuid:22A236E442CAD6E5656024B8EF923F35
 |   |   |- Guid:202BFEF640D0F60D0DC35D937AB383E3 BaseClass: NativeClass:/Script/Engine.SkyLight Name:SkyLight_1 Label:SkyLight SpatiallyLoaded:0 Bounds:IsValid=true, Min=(X=0.000 Y=0.000 Z=690.000), Max=(X=0.000 Y=0.000 Z=690.000) RuntimeGrid:None EditorOnly:0 RuntimeOnly:0 HLODRelevant:0 FolderPath:Lighting FolderGuid:963EC3EB4002CCE9759E2EBA541A873A
 |   |   |- Guid:50808D504A7791D620716ABF558BFEC4 BaseClass:/Game/Blueprints/BP_Statue.BP_Statue_C NativeClass:/Script/Engine.Actor Name:BP_Statue_C_UAID_C45AB1EAA43287AD01_1966422611 Label:BP_Statue5 SpatiallyLoaded:1 Bounds:IsValid=true, Min=(X=20.670 Y=1350.670 Z=0.000), Max=(X=59.330 Y=1389.330 Z=86.633) RuntimeGrid:None EditorOnly:0 RuntimeOnly:0 HLODRelevant:0 FolderPath:Statues FolderGuid:22A236E442CAD6E5656024B8EF923F35
 |   |   |- Guid:50C02C594D51C8AF21AD10A0F51A9861 BaseClass:/Game/Blueprints/BP_Statue.BP_Statue_C NativeClass:/Script/Engine.Actor Name:BP_Statue_C_UAID_C45AB1EAA43286AD01_1237159433 Label:BP_Statue3 SpatiallyLoaded:1 Bounds:IsValid=true, Min=(X=350.670 Y=690.670 Z=0.000), Max=(X=389.330 Y=729.330 Z=86.633) RuntimeGrid:None EditorOnly:0 RuntimeOnly:0 HLODRelevant:0 FolderPath:Statues FolderGuid:22A236E442CAD6E5656024B8EF923F35
 |   |   |- Guid:53A3C1984AF25B51BA1083A931ACB938 BaseClass:/Game/Blueprints/BP_Statue.BP_Statue_C NativeClass:/Script/Engine.Actor Name:BP_Statue_C_UAID_C45AB1EAA43287AD01_1967436612 Label:BP_Statue6 SpatiallyLoaded:1 Bounds:IsValid=true, Min=(X=-1079.330 Y=760.670 Z=0.000), Max=(X=-1040.670 Y=799.330 Z=86.633) RuntimeGrid:None EditorOnly:0 RuntimeOnly:0 HLODRelevant:0 FolderPath:Statues FolderGuid:22A236E442CAD6E5656024B8EF923F35
 |   |   |- Guid:5E7CBF65429119A643812CA71842F9A6 BaseClass: NativeClass:/Script/Engine.WorldDataLayers Name:WorldDataLayers Label:WorldDataLayers SpatiallyLoaded:0 Bounds:IsValid=true, Min=(X=0.000 Y=0.000 Z=0.000), Max=(X=0.000 Y=0.000 Z=0.000) RuntimeGrid:None EditorOnly:0 RuntimeOnly:0 HLODRelevant:0
 |   |   |- Guid:603CEA874F4422A78C9C958623C6C86B BaseClass:/Game/Blueprints/BP_Statue.BP_Statue_C NativeClass:/Script/Engine.Actor Name:BP_Statue_C_UAID_C45AB1EAA43286AD01_1235124432 Label:BP_Statue2 SpatiallyLoaded:1 Bounds:IsValid=true, Min=(X=-139.330 Y=680.670 Z=0.000), Max=(X=-100.670 Y=719.330 Z=86.633) RuntimeGrid:None EditorOnly:0 RuntimeOnly:0 HLODRelevant:0 FolderPath:Statues FolderGuid:22A236E442CAD6E5656024B8EF923F35
 |   |   |- Guid:614710E54E6AEE8A816BC9893E4C6339 BaseClass: NativeClass:/Script/Engine.ExponentialHeightFog Name:ExponentialHeightFog_0 Label:ExponentialHeightFog SpatiallyLoaded:0 Bounds:IsValid=true, Min=(X=-5600.000 Y=-50.000 Z=-6850.000), Max=(X=-5600.000 Y=-50.000 Z=-6850.000) RuntimeGrid:None EditorOnly:0 RuntimeOnly:0 HLODRelevant:0 FolderPath:Lighting FolderGuid:963EC3EB4002CCE9759E2EBA541A873A
 |   |   |- Guid:6238218748E458B6C74E3BAA5399BA63 BaseClass: NativeClass:/Script/Engine.PlayerStart Name:PlayerStart_0 Label:PlayerStart SpatiallyLoaded:0 Bounds:IsValid=true, Min=(X=-40.000 Y=-40.000 Z=-92.000), Max=(X=40.000 Y=40.000 Z=92.000) RuntimeGrid:None EditorOnly:0 RuntimeOnly:0 HLODRelevant:0
 |   |   |- Guid:714266874FC97E573F003CA255A44D1A BaseClass: NativeClass:/Script/Engine.StaticMeshActor Name:StaticMeshActor_1 Label:lnd SpatiallyLoaded:1 Bounds:IsValid=true, Min=(X=-3460.000 Y=-2440.000 Z=-50.000), Max=(X=2540.000 Y=4560.000 Z=0.000) RuntimeGrid:None EditorOnly:0 RuntimeOnly:0 HLODRelevant:1 FolderPath:Playground FolderGuid:C73F09FC4215536B1DCE2A9E0A830C70
 |   |   |- Guid:71B8523B40CFC49C05367282229F0E9E BaseClass: NativeClass:/Script/Engine.PostProcessVolume Name:PostProcessVolume_0 Label:PostProcessVolume SpatiallyLoaded:0 Bounds:IsValid=true, Min=(X=0.000 Y=0.000 Z=400.000), Max=(X=200.000 Y=200.000 Z=600.000) RuntimeGrid:None EditorOnly:0 RuntimeOnly:0 HLODRelevant:0 FolderPath:Lighting FolderGuid:963EC3EB4002CCE9759E2EBA541A873A
 |   |   |- Guid:A1E663994E9842151D389CAB3E43E311 BaseClass:/Game/Blueprints/BP_Statue.BP_Statue_C NativeClass:/Script/Engine.Actor Name:BP_Statue_C_UAID_C45AB1EAA43286AD01_1224261431 Label:BP_Statue SpatiallyLoaded:1 Bounds:IsValid=true, Min=(X=-149.330 Y=420.670 Z=0.000), Max=(X=-110.670 Y=459.330 Z=86.633) RuntimeGrid:None EditorOnly:0 RuntimeOnly:0 HLODRelevant:0 FolderPath:Statues FolderGuid:22A236E442CAD6E5656024B8EF923F35
 |   |   |- Guid:BDB8D0F641971049059E8BBA83E1B340 BaseClass: NativeClass:/Script/Engine.DirectionalLight Name:DirectionalLight_0 Label:DirectionalLight SpatiallyLoaded:0 Bounds:IsValid=true, Min=(X=-4398046511104.000 Y=-4398046511104.000 Z=-4398046511104.000), Max=(X=4398046511104.000 Y=4398046511104.000 Z=4398046511104.000) RuntimeGrid:None EditorOnly:0 RuntimeOnly:0 HLODRelevant:0 FolderPath:Lighting FolderGuid:963EC3EB4002CCE9759E2EBA541A873A
 |   |   |- Guid:DB7A3C2B47E0779D29FCEE96C9CDBA5C BaseClass: NativeClass:/Script/Engine.SkyAtmosphere Name:SkyAtmosphere_0 Label:SkyAtmosphere SpatiallyLoaded:0 Bounds:IsValid=true, Min=(X=0.000 Y=0.000 Z=1020.000), Max=(X=0.000 Y=0.000 Z=1020.000) RuntimeGrid:None EditorOnly:0 RuntimeOnly:0 HLODRelevant:0 FolderPath:Lighting FolderGuid:963EC3EB4002CCE9759E2EBA541A873A
 |   |   |- Guid:E0D4561E43A18DB13B32D8BA826C7CDA BaseClass:/Game/Blueprints/BP_Statue.BP_Statue_C NativeClass:/Script/Engine.Actor Name:BP_Statue_C_UAID_C45AB1EAA43287AD01_1963509610 Label:BP_Statue4 SpatiallyLoaded:1 Bounds:IsValid=true, Min=(X=10.670 Y=690.670 Z=0.000), Max=(X=49.330 Y=729.330 Z=86.633) RuntimeGrid:None EditorOnly:0 RuntimeOnly:0 HLODRelevant:0 FolderPath:Statues FolderGuid:22A236E442CAD6E5656024B8EF923F35
 |   |   |- Guid:EF65145E43433B7F4D3D14A462D3A7F0 BaseClass:/Game/Blueprints/BP_Statue.BP_Statue_C NativeClass:/Script/Engine.Actor Name:BP_Statue_C_UAID_C45AB1EAA43287AD01_1969531613 Label:BP_Statue7 SpatiallyLoaded:1 Bounds:IsValid=true, Min=(X=-529.330 Y=270.670 Z=0.000), Max=(X=-490.670 Y=309.330 Z=86.633) RuntimeGrid:None EditorOnly:0 RuntimeOnly:0 HLODRelevant:0 FolderPath:Statues FolderGuid:22A236E442CAD6E5656024B8EF923F35
 |   |   |- Guid:F8E23A69462AB63BE37C06BD0D286777 BaseClass: NativeClass:/Script/Engine.VolumetricCloud Name:VolumetricCloud_0 Label:VolumetricCloud SpatiallyLoaded:0 Bounds:IsValid=true, Min=(X=0.000 Y=0.000 Z=820.000), Max=(X=0.000 Y=0.000 Z=820.000) RuntimeGrid:None EditorOnly:0 RuntimeOnly:0 HLODRelevant:0 FolderPath:Lighting FolderGuid:963EC3EB4002CCE9759E2EBA541A873A
 |   |   |- Guid:FB982CB2444348A75CC6BFB291BBCE1E BaseClass: NativeClass:/Script/Engine.StaticMeshActor Name:StaticMeshActor_UAID_A4AE111137DC5EFB00_1110535423 Label:SM_SkySphere SpatiallyLoaded:0 Bounds:IsValid=true, Min=(X=-1638400.000 Y=-1638400.000 Z=-1638400.000), Max=(X=1638400.000 Y=1638400.000 Z=1638400.000) RuntimeGrid:None EditorOnly:0 RuntimeOnly:0 HLODRelevant:1 FolderPath:Lighting FolderGuid:963EC3EB4002CCE9759E2EBA541A873A
 |   |- [+] Clusters:
 |   |   |- [+] [  0]
 |   |   |   |- Guid:A1E663994E9842151D389CAB3E43E311 BaseClass:/Game/Blueprints/BP_Statue.BP_Statue_C NativeClass:/Script/Engine.Actor Name:BP_Statue_C_UAID_C45AB1EAA43286AD01_1224261431 Label:BP_Statue SpatiallyLoaded:1 Bounds:IsValid=true, Min=(X=-149.330 Y=420.670 Z=0.000), Max=(X=-110.670 Y=459.330 Z=86.633) RuntimeGrid:None EditorOnly:0 RuntimeOnly:0 HLODRelevant:0 FolderPath:Statues FolderGuid:22A236E442CAD6E5656024B8EF923F35
 |   |   |- [+] [  1]
 |   |   |   |- Guid:50808D504A7791D620716ABF558BFEC4 BaseClass:/Game/Blueprints/BP_Statue.BP_Statue_C NativeClass:/Script/Engine.Actor Name:BP_Statue_C_UAID_C45AB1EAA43287AD01_1966422611 Label:BP_Statue5 SpatiallyLoaded:1 Bounds:IsValid=true, Min=(X=20.670 Y=1350.670 Z=0.000), Max=(X=59.330 Y=1389.330 Z=86.633) RuntimeGrid:None EditorOnly:0 RuntimeOnly:0 HLODRelevant:0 FolderPath:Statues FolderGuid:22A236E442CAD6E5656024B8EF923F35
 |   |   |- [+] [  2]
 |   |   |   |- Guid:BDB8D0F641971049059E8BBA83E1B340 BaseClass: NativeClass:/Script/Engine.DirectionalLight Name:DirectionalLight_0 Label:DirectionalLight SpatiallyLoaded:0 Bounds:IsValid=true, Min=(X=-4398046511104.000 Y=-4398046511104.000 Z=-4398046511104.000), Max=(X=4398046511104.000 Y=4398046511104.000 Z=4398046511104.000) RuntimeGrid:None EditorOnly:0 RuntimeOnly:0 HLODRelevant:0 FolderPath:Lighting FolderGuid:963EC3EB4002CCE9759E2EBA541A873A
 |   |   |- [+] [  3]
 |   |   |   |- Guid:6238218748E458B6C74E3BAA5399BA63 BaseClass: NativeClass:/Script/Engine.PlayerStart Name:PlayerStart_0 Label:PlayerStart SpatiallyLoaded:0 Bounds:IsValid=true, Min=(X=-40.000 Y=-40.000 Z=-92.000), Max=(X=40.000 Y=40.000 Z=92.000) RuntimeGrid:None EditorOnly:0 RuntimeOnly:0 HLODRelevant:0
 |   |   |- [+] [  4]
 |   |   |   |- Guid:089A3D8E4AF678E4EC36E3BCD87BF75B BaseClass:/Game/Blueprints/BP_Statue.BP_Statue_C NativeClass:/Script/Engine.Actor Name:BP_Statue_C_UAID_C45AB1EAA43287AD01_1971288614 Label:BP_Statue8 SpatiallyLoaded:1 Bounds:IsValid=true, Min=(X=220.670 Y=280.670 Z=0.000), Max=(X=259.330 Y=319.330 Z=86.633) RuntimeGrid:None EditorOnly:0 RuntimeOnly:0 HLODRelevant:0 FolderPath:Statues FolderGuid:22A236E442CAD6E5656024B8EF923F35
 |   |   |- [+] [  5]
 |   |   |   |- Guid:71B8523B40CFC49C05367282229F0E9E BaseClass: NativeClass:/Script/Engine.PostProcessVolume Name:PostProcessVolume_0 Label:PostProcessVolume SpatiallyLoaded:0 Bounds:IsValid=true, Min=(X=0.000 Y=0.000 Z=400.000), Max=(X=200.000 Y=200.000 Z=600.000) RuntimeGrid:None EditorOnly:0 RuntimeOnly:0 HLODRelevant:0 FolderPath:Lighting FolderGuid:963EC3EB4002CCE9759E2EBA541A873A
 |   |   |- [+] [  6]
 |   |   |   |- Guid:EF65145E43433B7F4D3D14A462D3A7F0 BaseClass:/Game/Blueprints/BP_Statue.BP_Statue_C NativeClass:/Script/Engine.Actor Name:BP_Statue_C_UAID_C45AB1EAA43287AD01_1969531613 Label:BP_Statue7 SpatiallyLoaded:1 Bounds:IsValid=true, Min=(X=-529.330 Y=270.670 Z=0.000), Max=(X=-490.670 Y=309.330 Z=86.633) RuntimeGrid:None EditorOnly:0 RuntimeOnly:0 HLODRelevant:0 FolderPath:Statues FolderGuid:22A236E442CAD6E5656024B8EF923F35
 |   |   |- [+] [  7]
 |   |   |   |- Guid:53A3C1984AF25B51BA1083A931ACB938 BaseClass:/Game/Blueprints/BP_Statue.BP_Statue_C NativeClass:/Script/Engine.Actor Name:BP_Statue_C_UAID_C45AB1EAA43287AD01_1967436612 Label:BP_Statue6 SpatiallyLoaded:1 Bounds:IsValid=true, Min=(X=-1079.330 Y=760.670 Z=0.000), Max=(X=-1040.670 Y=799.330 Z=86.633) RuntimeGrid:None EditorOnly:0 RuntimeOnly:0 HLODRelevant:0 FolderPath:Statues FolderGuid:22A236E442CAD6E5656024B8EF923F35
 |   |   |- [+] [  8]
 |   |   |   |- Guid:50C02C594D51C8AF21AD10A0F51A9861 BaseClass:/Game/Blueprints/BP_Statue.BP_Statue_C NativeClass:/Script/Engine.Actor Name:BP_Statue_C_UAID_C45AB1EAA43286AD01_1237159433 Label:BP_Statue3 SpatiallyLoaded:1 Bounds:IsValid=true, Min=(X=350.670 Y=690.670 Z=0.000), Max=(X=389.330 Y=729.330 Z=86.633) RuntimeGrid:None EditorOnly:0 RuntimeOnly:0 HLODRelevant:0 FolderPath:Statues FolderGuid:22A236E442CAD6E5656024B8EF923F35
 |   |   |- [+] [  9]
 |   |   |   |- Guid:202BFEF640D0F60D0DC35D937AB383E3 BaseClass: NativeClass:/Script/Engine.SkyLight Name:SkyLight_1 Label:SkyLight SpatiallyLoaded:0 Bounds:IsValid=true, Min=(X=0.000 Y=0.000 Z=690.000), Max=(X=0.000 Y=0.000 Z=690.000) RuntimeGrid:None EditorOnly:0 RuntimeOnly:0 HLODRelevant:0 FolderPath:Lighting FolderGuid:963EC3EB4002CCE9759E2EBA541A873A
 |   |   |- [+] [ 10]
 |   |   |   |- Guid:5E7CBF65429119A643812CA71842F9A6 BaseClass: NativeClass:/Script/Engine.WorldDataLayers Name:WorldDataLayers Label:WorldDataLayers SpatiallyLoaded:0 Bounds:IsValid=true, Min=(X=0.000 Y=0.000 Z=0.000), Max=(X=0.000 Y=0.000 Z=0.000) RuntimeGrid:None EditorOnly:0 RuntimeOnly:0 HLODRelevant:0
 |   |   |- [+] [ 11]
 |   |   |   |- Guid:FB982CB2444348A75CC6BFB291BBCE1E BaseClass: NativeClass:/Script/Engine.StaticMeshActor Name:StaticMeshActor_UAID_A4AE111137DC5EFB00_1110535423 Label:SM_SkySphere SpatiallyLoaded:0 Bounds:IsValid=true, Min=(X=-1638400.000 Y=-1638400.000 Z=-1638400.000), Max=(X=1638400.000 Y=1638400.000 Z=1638400.000) RuntimeGrid:None EditorOnly:0 RuntimeOnly:0 HLODRelevant:1 FolderPath:Lighting FolderGuid:963EC3EB4002CCE9759E2EBA541A873A
 |   |   |- [+] [ 12]
 |   |   |   |- Guid:F8E23A69462AB63BE37C06BD0D286777 BaseClass: NativeClass:/Script/Engine.VolumetricCloud Name:VolumetricCloud_0 Label:VolumetricCloud SpatiallyLoaded:0 Bounds:IsValid=true, Min=(X=0.000 Y=0.000 Z=820.000), Max=(X=0.000 Y=0.000 Z=820.000) RuntimeGrid:None EditorOnly:0 RuntimeOnly:0 HLODRelevant:0 FolderPath:Lighting FolderGuid:963EC3EB4002CCE9759E2EBA541A873A
 |   |   |- [+] [ 13]
 |   |   |   |- Guid:714266874FC97E573F003CA255A44D1A BaseClass: NativeClass:/Script/Engine.StaticMeshActor Name:StaticMeshActor_1 Label:lnd SpatiallyLoaded:1 Bounds:IsValid=true, Min=(X=-3460.000 Y=-2440.000 Z=-50.000), Max=(X=2540.000 Y=4560.000 Z=0.000) RuntimeGrid:None EditorOnly:0 RuntimeOnly:0 HLODRelevant:1 FolderPath:Playground FolderGuid:C73F09FC4215536B1DCE2A9E0A830C70
 |   |   |- [+] [ 14]
 |   |   |   |- Guid:603CEA874F4422A78C9C958623C6C86B BaseClass:/Game/Blueprints/BP_Statue.BP_Statue_C NativeClass:/Script/Engine.Actor Name:BP_Statue_C_UAID_C45AB1EAA43286AD01_1235124432 Label:BP_Statue2 SpatiallyLoaded:1 Bounds:IsValid=true, Min=(X=-139.330 Y=680.670 Z=0.000), Max=(X=-100.670 Y=719.330 Z=86.633) RuntimeGrid:None EditorOnly:0 RuntimeOnly:0 HLODRelevant:0 FolderPath:Statues FolderGuid:22A236E442CAD6E5656024B8EF923F35
 |   |   |- [+] [ 15]
 |   |   |   |- Guid:DB7A3C2B47E0779D29FCEE96C9CDBA5C BaseClass: NativeClass:/Script/Engine.SkyAtmosphere Name:SkyAtmosphere_0 Label:SkyAtmosphere SpatiallyLoaded:0 Bounds:IsValid=true, Min=(X=0.000 Y=0.000 Z=1020.000), Max=(X=0.000 Y=0.000 Z=1020.000) RuntimeGrid:None EditorOnly:0 RuntimeOnly:0 HLODRelevant:0 FolderPath:Lighting FolderGuid:963EC3EB4002CCE9759E2EBA541A873A
 |   |   |- [+] [ 16]
 |   |   |   |- Guid:E0D4561E43A18DB13B32D8BA826C7CDA BaseClass:/Game/Blueprints/BP_Statue.BP_Statue_C NativeClass:/Script/Engine.Actor Name:BP_Statue_C_UAID_C45AB1EAA43287AD01_1963509610 Label:BP_Statue4 SpatiallyLoaded:1 Bounds:IsValid=true, Min=(X=10.670 Y=690.670 Z=0.000), Max=(X=49.330 Y=729.330 Z=86.633) RuntimeGrid:None EditorOnly:0 RuntimeOnly:0 HLODRelevant:0 FolderPath:Statues FolderGuid:22A236E442CAD6E5656024B8EF923F35
 |   |   |- [+] [ 17]
 |   |   |   |- Guid:614710E54E6AEE8A816BC9893E4C6339 BaseClass: NativeClass:/Script/Engine.ExponentialHeightFog Name:ExponentialHeightFog_0 Label:ExponentialHeightFog SpatiallyLoaded:0 Bounds:IsValid=true, Min=(X=-5600.000 Y=-50.000 Z=-6850.000), Max=(X=-5600.000 Y=-50.000 Z=-6850.000) RuntimeGrid:None EditorOnly:0 RuntimeOnly:0 HLODRelevant:0 FolderPath:Lighting FolderGuid:963EC3EB4002CCE9759E2EBA541A873A
 |- ContainerInstances:
 |- [+] MainContainer:
 |   |-        ID: 0x0000000000000000
 |   |-    Bounds: IsValid=false, Min=(X=0.000 Y=0.000 Z=0.000), Max=(X=0.000 Y=0.000 Z=0.000)
 |   |- Transform: 0.000000,0.000000,0.000000|0.000000,0.000000,-0.000000|1.000000,1.000000,1.000000
 |   |- Container: /Game/ThirdPerson/Maps/CollectionGame
----------------------------------------------------------------------------------------------------------------
CollectionGame - Persistent Level
----------------------------------------------------------------------------------------------------------------
Always loaded Actor Count: 25 

----------------------------------------------------------------------------------------------------------------
CollectionGame - Runtime Spatial Hash - Streaming Grid - MainGrid
----------------------------------------------------------------------------------------------------------------
            Origin: X=0.000 Y=0.000 Z=0.000
         Cell Size: 12800
      World Bounds: IsValid=false, Min=(X=0.000 Y=0.000 Z=0.000), Max=(X=0.000 Y=0.000 Z=0.000)
     Loading Range: 25600.00
Block Slow Loading: No
 ClientOnlyVisible: No

[+] Grid Levels: 1
 |- Level  0: Cell Count    0 | Cell Size   12800 | Actor Count    0 (0.0%)

[+] Content of Grid Level 0

