[+] Containers:
 |- [+] Container: /Game/TopDown/Maps/TopDownMap
 |   |- [+] ActorDescs:
 |   |   |- Guid:147C8D134B12D635012D5F8C57D2C96F BaseClass: NativeClass:/Script/Engine.PostProcessVolume Name:PostProcessVolume_1 Label:PostProcessVolume SpatiallyLoaded:0 Bounds:IsValid=true, Min=(X=0.000 Y=0.000 Z=400.000), Max=(X=200.000 Y=200.000 Z=600.000) RuntimeGrid:None EditorOnly:0 RuntimeOnly:0 HLODRelevant:0 FolderPath:Arena/HideWhat FolderGuid:4C556963462B5D49496AD286A4690C47
 |   |   |- Guid:1742DF43475F097453197AA79C7473D9 BaseClass: NativeClass:/Script/Engine.SkyLight Name:SkyLight_1 Label:SkyLight SpatiallyLoaded:0 Bounds:IsValid=true, Min=(X=0.000 Y=0.000 Z=690.000), Max=(X=0.000 Y=0.000 Z=690.000) RuntimeGrid:None EditorOnly:0 RuntimeOnly:0 HLODRelevant:0 FolderPath:Arena/HideWhat FolderGuid:4C556963462B5D49496AD286A4690C47
 |   |   |- Guid:1AAF89EC4D338FC095DD4A9BA94CDAE7 BaseClass:/Game/TopDown/Blueprints/bp_brick.bp_brick_C NativeClass:/Script/Engine.Actor Name:bp_brick_C_UAID_106838F1DFD74EBC01_1700453424 Label:bp_brick SpatiallyLoaded:1 Bounds:IsValid=true, Min=(X=-1960.000 Y=2600.000 Z=-50.000), Max=(X=-1660.000 Y=3200.000 Z=50.000) RuntimeGrid:None EditorOnly:0 RuntimeOnly:0 HLODRelevant:0
 |   |   |- Guid:1FA1E29344BCF1A2C3D5A78CD9B5EFF9 BaseClass: NativeClass:/Script/NavigationSystem.RecastNavMesh Name:RecastNavMesh_UAID_106838F1DFD74BBC01-Default Label:RecastNavMesh-Default SpatiallyLoaded:0 Bounds:IsValid=true, Min=(X=0.000 Y=0.000 Z=0.000), Max=(X=0.000 Y=0.000 Z=0.000) RuntimeGrid:None EditorOnly:0 RuntimeOnly:0 HLODRelevant:0
 |   |   |- Guid:2B933EEF421EC50022650AB99825F2DA BaseClass:/Game/TopDown/Blueprints/bp_brick.bp_brick_C NativeClass:/Script/Engine.Actor Name:bp_brick_C_UAID_106838F1DFD74EBC01_1717108427 Label:bp_brick4 SpatiallyLoaded:1 Bounds:IsValid=true, Min=(X=-1930.000 Y=140.000 Z=-50.000), Max=(X=-1630.000 Y=740.000 Z=50.000) RuntimeGrid:None EditorOnly:0 RuntimeOnly:0 HLODRelevant:0
 |   |   |- Guid:2DF0D95440BE0EDA81652F860DC7268E BaseClass: NativeClass:/Script/Engine.WorldDataLayers Name:WorldDataLayers Label:WorldDataLayers SpatiallyLoaded:0 Bounds:IsValid=true, Min=(X=0.000 Y=0.000 Z=0.000), Max=(X=0.000 Y=0.000 Z=0.000) RuntimeGrid:None EditorOnly:0 RuntimeOnly:0 HLODRelevant:0
 |   |   |- Guid:42B7C0E0439C7033B86D6AA15A883F15 BaseClass:/Game/TopDown/Blueprints/bp_brick.bp_brick_C NativeClass:/Script/Engine.Actor Name:bp_brick_C_UAID_106838F1DFD74EBC01_1718576428 Label:bp_brick5 SpatiallyLoaded:1 Bounds:IsValid=true, Min=(X=-1920.000 Y=-640.000 Z=-50.000), Max=(X=-1620.000 Y=-40.000 Z=50.000) RuntimeGrid:None EditorOnly:0 RuntimeOnly:0 HLODRelevant:0
 |   |   |- Guid:59C71C5E4647BCB0FBEBD4915401AF0D BaseClass:/Game/TopDown/Blueprints/bp_brick.bp_brick_C NativeClass:/Script/Engine.Actor Name:bp_brick_C_UAID_106838F1DFD74EBC01_1723223431 Label:bp_brick8 SpatiallyLoaded:1 Bounds:IsValid=true, Min=(X=-1890.000 Y=-2810.000 Z=-50.000), Max=(X=-1590.000 Y=-2210.000 Z=50.000) RuntimeGrid:None EditorOnly:0 RuntimeOnly:0 HLODRelevant:0
 |   |   |- Guid:5F86FE8E4A94A2A4A7D341BAF8B3984F BaseClass:/Game/TopDown/Blueprints/bp_brick.bp_brick_C NativeClass:/Script/Engine.Actor Name:bp_brick_C_UAID_106838F1DFD74EBC01_1721569430 Label:bp_brick7 SpatiallyLoaded:1 Bounds:IsValid=true, Min=(X=-1900.000 Y=-2060.000 Z=-50.000), Max=(X=-1600.000 Y=-1460.000 Z=50.000) RuntimeGrid:None EditorOnly:0 RuntimeOnly:0 HLODRelevant:0
 |   |   |- Guid:6252C7D64ACF162A73EE65B11FE214D1 BaseClass: NativeClass:/Script/Engine.SkyAtmosphere Name:SkyAtmosphere_1 Label:SkyAtmosphere SpatiallyLoaded:0 Bounds:IsValid=true, Min=(X=0.000 Y=0.000 Z=1020.000), Max=(X=0.000 Y=0.000 Z=1020.000) RuntimeGrid:None EditorOnly:0 RuntimeOnly:0 HLODRelevant:0 FolderPath:Arena/HideWhat FolderGuid:4C556963462B5D49496AD286A4690C47
 |   |   |- Guid:65D865F34C6523853F06BCAB8F243148 BaseClass:/Game/TopDown/Blueprints/bp_brick.bp_brick_C NativeClass:/Script/Engine.Actor Name:bp_brick_C_UAID_106838F1DFD74EBC01_1724447432 Label:bp_brick9 SpatiallyLoaded:1 Bounds:IsValid=true, Min=(X=-1880.000 Y=-3580.000 Z=-50.000), Max=(X=-1580.000 Y=-2980.000 Z=50.000) RuntimeGrid:None EditorOnly:0 RuntimeOnly:0 HLODRelevant:0
 |   |   |- Guid:68E33A8B48BD46EAB7E0E3AFEB04956F BaseClass: NativeClass:/Script/Engine.StaticMeshActor Name:StaticMeshActor_UAID_106838F1DFD74CBC01_1181936065 Label:WallEast SpatiallyLoaded:1 Bounds:IsValid=true, Min=(X=-2500.000 Y=3950.000 Z=-200.000), Max=(X=2500.000 Y=4050.000 Z=200.000) RuntimeGrid:None EditorOnly:0 RuntimeOnly:0 HLODRelevant:1 FolderPath:Arena FolderGuid:4C9334684BA61B42C769F799D2576455
 |   |   |- Guid:77F893B3468595EE782136AD620D7EF4 BaseClass: NativeClass:/Script/Engine.VolumetricCloud Name:VolumetricCloud_0 Label:VolumetricCloud SpatiallyLoaded:0 Bounds:IsValid=true, Min=(X=0.000 Y=0.000 Z=820.000), Max=(X=0.000 Y=0.000 Z=820.000) RuntimeGrid:None EditorOnly:0 RuntimeOnly:0 HLODRelevant:0 FolderPath:Arena/HideWhat FolderGuid:4C556963462B5D49496AD286A4690C47
 |   |   |- Guid:85E649A440973DD4FEDAF6AFC84E6784 BaseClass:/Game/TopDown/Blueprints/bp_brick.bp_brick_C NativeClass:/Script/Engine.Actor Name:bp_brick_C_UAID_106838F1DFD74EBC01_1715828426 Label:bp_brick3 SpatiallyLoaded:1 Bounds:IsValid=true, Min=(X=-1940.000 Y=930.000 Z=-50.000), Max=(X=-1640.000 Y=1530.000 Z=50.000) RuntimeGrid:None EditorOnly:0 RuntimeOnly:0 HLODRelevant:0
 |   |   |- Guid:960103584A0228AAA8A0209F383ADE0D BaseClass:/Game/TopDown/Blueprints/bp_brick.bp_brick_C NativeClass:/Script/Engine.Actor Name:bp_brick_C_UAID_106838F1DFD74EBC01_1709260425 Label:bp_brick2 SpatiallyLoaded:1 Bounds:IsValid=true, Min=(X=-1950.000 Y=1750.000 Z=-50.000), Max=(X=-1650.000 Y=2350.000 Z=50.000) RuntimeGrid:None EditorOnly:0 RuntimeOnly:0 HLODRelevant:0
 |   |   |- Guid:9FE5554C40EB3786148DD387E00AF438 BaseClass: NativeClass:/Script/Engine.StaticMeshActor Name:StaticMeshActor_UAID_106838F1DFD74CBC01_1303753069 Label:WallWest SpatiallyLoaded:1 Bounds:IsValid=true, Min=(X=-2500.000 Y=-4050.000 Z=-200.000), Max=(X=2500.000 Y=-3950.000 Z=200.000) RuntimeGrid:None EditorOnly:0 RuntimeOnly:0 HLODRelevant:1 FolderPath:Arena FolderGuid:4C9334684BA61B42C769F799D2576455
 |   |   |- Guid:A13CF6EA430330699C880692517C0A2B BaseClass:/Game/TopDown/Blueprints/BP_Bat.BP_Bat_C NativeClass:/Script/Engine.Pawn Name:BP_Bat_C_UAID_106838F1DFD74DBC01_1561024247 Label:BP_Bat SpatiallyLoaded:1 Bounds:IsValid=true, Min=(X=1630.000 Y=-3500.000 Z=-160.000), Max=(X=2510.000 Y=3500.000 Z=160.000) RuntimeGrid:None EditorOnly:0 RuntimeOnly:0 HLODRelevant:0 FolderPath:Arena FolderGuid:4C9334684BA61B42C769F799D2576455
 |   |   |- Guid:A4D24ED349705D3AE02CB7876EACD4EA BaseClass: NativeClass:/Script/Engine.CameraActor Name:CameraActor_UAID_106838F1DFD74CBC01_1124992064 Label:CameraActor SpatiallyLoaded:1 Bounds:IsValid=true, Min=(X=0.000 Y=0.000 Z=3000.000), Max=(X=0.000 Y=0.000 Z=3000.000) RuntimeGrid:None EditorOnly:0 RuntimeOnly:0 HLODRelevant:0
 |   |   |- Guid:AECEEEE741E6DE68F6843FA49564A956 BaseClass: NativeClass:/Script/Engine.DirectionalLight Name:DirectionalLight_1 Label:DirectionalLight SpatiallyLoaded:0 Bounds:IsValid=true, Min=(X=-4398046511104.000 Y=-4398046511104.000 Z=-4398046511104.000), Max=(X=4398046511104.000 Y=4398046511104.000 Z=4398046511104.000) RuntimeGrid:None EditorOnly:0 RuntimeOnly:0 HLODRelevant:0 FolderPath:Arena FolderGuid:4C9334684BA61B42C769F799D2576455
 |   |   |- Guid:BF102D6F4074D04C8CC4CE91944B15B6 BaseClass:/Game/TopDown/Blueprints/bp_Ball.bp_Ball_C NativeClass:/Script/Engine.Actor Name:bp_Ball_C_UAID_106838F1DFD74EBC01_1732441433 Label:bp_Ball SpatiallyLoaded:1 Bounds:IsValid=true, Min=(X=1130.000 Y=-40.000 Z=-50.000), Max=(X=1230.000 Y=60.000 Z=50.000) RuntimeGrid:None EditorOnly:0 RuntimeOnly:0 HLODRelevant:0
 |   |   |- Guid:BFA866D04A879612BB73708EF9276400 BaseClass: NativeClass:/Script/Engine.StaticMeshActor Name:StaticMeshActor_UAID_106838F1DFD74CBC01_1275937068 Label:WallSouth SpatiallyLoaded:1 Bounds:IsValid=true, Min=(X=-2550.000 Y=-4000.000 Z=-200.000), Max=(X=-2450.000 Y=4000.000 Z=200.000) RuntimeGrid:None EditorOnly:0 RuntimeOnly:0 HLODRelevant:1 FolderPath:Arena FolderGuid:4C9334684BA61B42C769F799D2576455
 |   |   |- Guid:D24D61B944EF71BE7BC469B7EB239299 BaseClass: NativeClass:/Script/Engine.ExponentialHeightFog Name:ExponentialHeightFog_1 Label:ExponentialHeightFog SpatiallyLoaded:0 Bounds:IsValid=true, Min=(X=-5600.000 Y=-50.000 Z=-6850.000), Max=(X=-5600.000 Y=-50.000 Z=-6850.000) RuntimeGrid:None EditorOnly:0 RuntimeOnly:0 HLODRelevant:0 FolderPath:Arena/HideWhat FolderGuid:4C556963462B5D49496AD286A4690C47
 |   |   |- Guid:D4EBBEF74A0F5EA3D484C58891DA79CD BaseClass: NativeClass:/Script/Engine.StaticMeshActor Name:StaticMeshActor_UAID_106838F1DFD74CBC01_1221631066 Label:WallNorth SpatiallyLoaded:1 Bounds:IsValid=true, Min=(X=2450.000 Y=-4000.000 Z=-200.000), Max=(X=2550.000 Y=4000.000 Z=200.000) RuntimeGrid:None EditorOnly:0 RuntimeOnly:0 HLODRelevant:1 FolderPath:Arena FolderGuid:4C9334684BA61B42C769F799D2576455
 |   |   |- Guid:DDB3A9784FC0721D5EA5F8A9AB9DB544 BaseClass:/Game/TopDown/Blueprints/bp_brick.bp_brick_C NativeClass:/Script/Engine.Actor Name:bp_brick_C_UAID_106838F1DFD74EBC01_1720332429 Label:bp_brick6 SpatiallyLoaded:1 Bounds:IsValid=true, Min=(X=-1910.000 Y=-1400.000 Z=-50.000), Max=(X=-1610.000 Y=-800.000 Z=50.000) RuntimeGrid:None EditorOnly:0 RuntimeOnly:0 HLODRelevant:0
 |   |- [+] Clusters:
 |   |   |- [+] [  0]
 |   |   |   |- Guid:A13CF6EA430330699C880692517C0A2B BaseClass:/Game/TopDown/Blueprints/BP_Bat.BP_Bat_C NativeClass:/Script/Engine.Pawn Name:BP_Bat_C_UAID_106838F1DFD74DBC01_1561024247 Label:BP_Bat SpatiallyLoaded:1 Bounds:IsValid=true, Min=(X=1630.000 Y=-3500.000 Z=-160.000), Max=(X=2510.000 Y=3500.000 Z=160.000) RuntimeGrid:None EditorOnly:0 RuntimeOnly:0 HLODRelevant:0 FolderPath:Arena FolderGuid:4C9334684BA61B42C769F799D2576455
 |   |   |- [+] [  1]
 |   |   |   |- Guid:6252C7D64ACF162A73EE65B11FE214D1 BaseClass: NativeClass:/Script/Engine.SkyAtmosphere Name:SkyAtmosphere_1 Label:SkyAtmosphere SpatiallyLoaded:0 Bounds:IsValid=true, Min=(X=0.000 Y=0.000 Z=1020.000), Max=(X=0.000 Y=0.000 Z=1020.000) RuntimeGrid:None EditorOnly:0 RuntimeOnly:0 HLODRelevant:0 FolderPath:Arena/HideWhat FolderGuid:4C556963462B5D49496AD286A4690C47
 |   |   |- [+] [  2]
 |   |   |   |- Guid:D24D61B944EF71BE7BC469B7EB239299 BaseClass: NativeClass:/Script/Engine.ExponentialHeightFog Name:ExponentialHeightFog_1 Label:ExponentialHeightFog SpatiallyLoaded:0 Bounds:IsValid=true, Min=(X=-5600.000 Y=-50.000 Z=-6850.000), Max=(X=-5600.000 Y=-50.000 Z=-6850.000) RuntimeGrid:None EditorOnly:0 RuntimeOnly:0 HLODRelevant:0 FolderPath:Arena/HideWhat FolderGuid:4C556963462B5D49496AD286A4690C47
 |   |   |- [+] [  3]
 |   |   |   |- Guid:77F893B3468595EE782136AD620D7EF4 BaseClass: NativeClass:/Script/Engine.VolumetricCloud Name:VolumetricCloud_0 Label:VolumetricCloud SpatiallyLoaded:0 Bounds:IsValid=true, Min=(X=0.000 Y=0.000 Z=820.000), Max=(X=0.000 Y=0.000 Z=820.000) RuntimeGrid:None EditorOnly:0 RuntimeOnly:0 HLODRelevant:0 FolderPath:Arena/HideWhat FolderGuid:4C556963462B5D49496AD286A4690C47
 |   |   |- [+] [  4]
 |   |   |   |- Guid:A4D24ED349705D3AE02CB7876EACD4EA BaseClass: NativeClass:/Script/Engine.CameraActor Name:CameraActor_UAID_106838F1DFD74CBC01_1124992064 Label:CameraActor SpatiallyLoaded:1 Bounds:IsValid=true, Min=(X=0.000 Y=0.000 Z=3000.000), Max=(X=0.000 Y=0.000 Z=3000.000) RuntimeGrid:None EditorOnly:0 RuntimeOnly:0 HLODRelevant:0
 |   |   |- [+] [  5]
 |   |   |   |- Guid:147C8D134B12D635012D5F8C57D2C96F BaseClass: NativeClass:/Script/Engine.PostProcessVolume Name:PostProcessVolume_1 Label:PostProcessVolume SpatiallyLoaded:0 Bounds:IsValid=true, Min=(X=0.000 Y=0.000 Z=400.000), Max=(X=200.000 Y=200.000 Z=600.000) RuntimeGrid:None EditorOnly:0 RuntimeOnly:0 HLODRelevant:0 FolderPath:Arena/HideWhat FolderGuid:4C556963462B5D49496AD286A4690C47
 |   |   |- [+] [  6]
 |   |   |   |- Guid:BF102D6F4074D04C8CC4CE91944B15B6 BaseClass:/Game/TopDown/Blueprints/bp_Ball.bp_Ball_C NativeClass:/Script/Engine.Actor Name:bp_Ball_C_UAID_106838F1DFD74EBC01_1732441433 Label:bp_Ball SpatiallyLoaded:1 Bounds:IsValid=true, Min=(X=1130.000 Y=-40.000 Z=-50.000), Max=(X=1230.000 Y=60.000 Z=50.000) RuntimeGrid:None EditorOnly:0 RuntimeOnly:0 HLODRelevant:0
 |   |   |- [+] [  7]
 |   |   |   |- Guid:59C71C5E4647BCB0FBEBD4915401AF0D BaseClass:/Game/TopDown/Blueprints/bp_brick.bp_brick_C NativeClass:/Script/Engine.Actor Name:bp_brick_C_UAID_106838F1DFD74EBC01_1723223431 Label:bp_brick8 SpatiallyLoaded:1 Bounds:IsValid=true, Min=(X=-1890.000 Y=-2810.000 Z=-50.000), Max=(X=-1590.000 Y=-2210.000 Z=50.000) RuntimeGrid:None EditorOnly:0 RuntimeOnly:0 HLODRelevant:0
 |   |   |- [+] [  8]
 |   |   |   |- Guid:5F86FE8E4A94A2A4A7D341BAF8B3984F BaseClass:/Game/TopDown/Blueprints/bp_brick.bp_brick_C NativeClass:/Script/Engine.Actor Name:bp_brick_C_UAID_106838F1DFD74EBC01_1721569430 Label:bp_brick7 SpatiallyLoaded:1 Bounds:IsValid=true, Min=(X=-1900.000 Y=-2060.000 Z=-50.000), Max=(X=-1600.000 Y=-1460.000 Z=50.000) RuntimeGrid:None EditorOnly:0 RuntimeOnly:0 HLODRelevant:0
 |   |   |- [+] [  9]
 |   |   |   |- Guid:DDB3A9784FC0721D5EA5F8A9AB9DB544 BaseClass:/Game/TopDown/Blueprints/bp_brick.bp_brick_C NativeClass:/Script/Engine.Actor Name:bp_brick_C_UAID_106838F1DFD74EBC01_1720332429 Label:bp_brick6 SpatiallyLoaded:1 Bounds:IsValid=true, Min=(X=-1910.000 Y=-1400.000 Z=-50.000), Max=(X=-1610.000 Y=-800.000 Z=50.000) RuntimeGrid:None EditorOnly:0 RuntimeOnly:0 HLODRelevant:0
 |   |   |- [+] [ 10]
 |   |   |   |- Guid:42B7C0E0439C7033B86D6AA15A883F15 BaseClass:/Game/TopDown/Blueprints/bp_brick.bp_brick_C NativeClass:/Script/Engine.Actor Name:bp_brick_C_UAID_106838F1DFD74EBC01_1718576428 Label:bp_brick5 SpatiallyLoaded:1 Bounds:IsValid=true, Min=(X=-1920.000 Y=-640.000 Z=-50.000), Max=(X=-1620.000 Y=-40.000 Z=50.000) RuntimeGrid:None EditorOnly:0 RuntimeOnly:0 HLODRelevant:0
 |   |   |- [+] [ 11]
 |   |   |   |- Guid:2B933EEF421EC50022650AB99825F2DA BaseClass:/Game/TopDown/Blueprints/bp_brick.bp_brick_C NativeClass:/Script/Engine.Actor Name:bp_brick_C_UAID_106838F1DFD74EBC01_1717108427 Label:bp_brick4 SpatiallyLoaded:1 Bounds:IsValid=true, Min=(X=-1930.000 Y=140.000 Z=-50.000), Max=(X=-1630.000 Y=740.000 Z=50.000) RuntimeGrid:None EditorOnly:0 RuntimeOnly:0 HLODRelevant:0
 |   |   |- [+] [ 12]
 |   |   |   |- Guid:85E649A440973DD4FEDAF6AFC84E6784 BaseClass:/Game/TopDown/Blueprints/bp_brick.bp_brick_C NativeClass:/Script/Engine.Actor Name:bp_brick_C_UAID_106838F1DFD74EBC01_1715828426 Label:bp_brick3 SpatiallyLoaded:1 Bounds:IsValid=true, Min=(X=-1940.000 Y=930.000 Z=-50.000), Max=(X=-1640.000 Y=1530.000 Z=50.000) RuntimeGrid:None EditorOnly:0 RuntimeOnly:0 HLODRelevant:0
 |   |   |- [+] [ 13]
 |   |   |   |- Guid:960103584A0228AAA8A0209F383ADE0D BaseClass:/Game/TopDown/Blueprints/bp_brick.bp_brick_C NativeClass:/Script/Engine.Actor Name:bp_brick_C_UAID_106838F1DFD74EBC01_1709260425 Label:bp_brick2 SpatiallyLoaded:1 Bounds:IsValid=true, Min=(X=-1950.000 Y=1750.000 Z=-50.000), Max=(X=-1650.000 Y=2350.000 Z=50.000) RuntimeGrid:None EditorOnly:0 RuntimeOnly:0 HLODRelevant:0
 |   |   |- [+] [ 14]
 |   |   |   |- Guid:1AAF89EC4D338FC095DD4A9BA94CDAE7 BaseClass:/Game/TopDown/Blueprints/bp_brick.bp_brick_C NativeClass:/Script/Engine.Actor Name:bp_brick_C_UAID_106838F1DFD74EBC01_1700453424 Label:bp_brick SpatiallyLoaded:1 Bounds:IsValid=true, Min=(X=-1960.000 Y=2600.000 Z=-50.000), Max=(X=-1660.000 Y=3200.000 Z=50.000) RuntimeGrid:None EditorOnly:0 RuntimeOnly:0 HLODRelevant:0
 |   |   |- [+] [ 15]
 |   |   |   |- Guid:AECEEEE741E6DE68F6843FA49564A956 BaseClass: NativeClass:/Script/Engine.DirectionalLight Name:DirectionalLight_1 Label:DirectionalLight SpatiallyLoaded:0 Bounds:IsValid=true, Min=(X=-4398046511104.000 Y=-4398046511104.000 Z=-4398046511104.000), Max=(X=4398046511104.000 Y=4398046511104.000 Z=4398046511104.000) RuntimeGrid:None EditorOnly:0 RuntimeOnly:0 HLODRelevant:0 FolderPath:Arena FolderGuid:4C9334684BA61B42C769F799D2576455
 |   |   |- [+] [ 16]
 |   |   |   |- Guid:2DF0D95440BE0EDA81652F860DC7268E BaseClass: NativeClass:/Script/Engine.WorldDataLayers Name:WorldDataLayers Label:WorldDataLayers SpatiallyLoaded:0 Bounds:IsValid=true, Min=(X=0.000 Y=0.000 Z=0.000), Max=(X=0.000 Y=0.000 Z=0.000) RuntimeGrid:None EditorOnly:0 RuntimeOnly:0 HLODRelevant:0
 |   |   |- [+] [ 17]
 |   |   |   |- Guid:65D865F34C6523853F06BCAB8F243148 BaseClass:/Game/TopDown/Blueprints/bp_brick.bp_brick_C NativeClass:/Script/Engine.Actor Name:bp_brick_C_UAID_106838F1DFD74EBC01_1724447432 Label:bp_brick9 SpatiallyLoaded:1 Bounds:IsValid=true, Min=(X=-1880.000 Y=-3580.000 Z=-50.000), Max=(X=-1580.000 Y=-2980.000 Z=50.000) RuntimeGrid:None EditorOnly:0 RuntimeOnly:0 HLODRelevant:0
 |   |   |- [+] [ 18]
 |   |   |   |- Guid:9FE5554C40EB3786148DD387E00AF438 BaseClass: NativeClass:/Script/Engine.StaticMeshActor Name:StaticMeshActor_UAID_106838F1DFD74CBC01_1303753069 Label:WallWest SpatiallyLoaded:1 Bounds:IsValid=true, Min=(X=-2500.000 Y=-4050.000 Z=-200.000), Max=(X=2500.000 Y=-3950.000 Z=200.000) RuntimeGrid:None EditorOnly:0 RuntimeOnly:0 HLODRelevant:1 FolderPath:Arena FolderGuid:4C9334684BA61B42C769F799D2576455
 |   |   |- [+] [ 19]
 |   |   |   |- Guid:BFA866D04A879612BB73708EF9276400 BaseClass: NativeClass:/Script/Engine.StaticMeshActor Name:StaticMeshActor_UAID_106838F1DFD74CBC01_1275937068 Label:WallSouth SpatiallyLoaded:1 Bounds:IsValid=true, Min=(X=-2550.000 Y=-4000.000 Z=-200.000), Max=(X=-2450.000 Y=4000.000 Z=200.000) RuntimeGrid:None EditorOnly:0 RuntimeOnly:0 HLODRelevant:1 FolderPath:Arena FolderGuid:4C9334684BA61B42C769F799D2576455
 |   |   |- [+] [ 20]
 |   |   |   |- Guid:D4EBBEF74A0F5EA3D484C58891DA79CD BaseClass: NativeClass:/Script/Engine.StaticMeshActor Name:StaticMeshActor_UAID_106838F1DFD74CBC01_1221631066 Label:WallNorth SpatiallyLoaded:1 Bounds:IsValid=true, Min=(X=2450.000 Y=-4000.000 Z=-200.000), Max=(X=2550.000 Y=4000.000 Z=200.000) RuntimeGrid:None EditorOnly:0 RuntimeOnly:0 HLODRelevant:1 FolderPath:Arena FolderGuid:4C9334684BA61B42C769F799D2576455
 |   |   |- [+] [ 21]
 |   |   |   |- Guid:68E33A8B48BD46EAB7E0E3AFEB04956F BaseClass: NativeClass:/Script/Engine.StaticMeshActor Name:StaticMeshActor_UAID_106838F1DFD74CBC01_1181936065 Label:WallEast SpatiallyLoaded:1 Bounds:IsValid=true, Min=(X=-2500.000 Y=3950.000 Z=-200.000), Max=(X=2500.000 Y=4050.000 Z=200.000) RuntimeGrid:None EditorOnly:0 RuntimeOnly:0 HLODRelevant:1 FolderPath:Arena FolderGuid:4C9334684BA61B42C769F799D2576455
 |   |   |- [+] [ 22]
 |   |   |   |- Guid:1FA1E29344BCF1A2C3D5A78CD9B5EFF9 BaseClass: NativeClass:/Script/NavigationSystem.RecastNavMesh Name:RecastNavMesh_UAID_106838F1DFD74BBC01-Default Label:RecastNavMesh-Default SpatiallyLoaded:0 Bounds:IsValid=true, Min=(X=0.000 Y=0.000 Z=0.000), Max=(X=0.000 Y=0.000 Z=0.000) RuntimeGrid:None EditorOnly:0 RuntimeOnly:0 HLODRelevant:0
 |   |   |- [+] [ 23]
 |   |   |   |- Guid:1742DF43475F097453197AA79C7473D9 BaseClass: NativeClass:/Script/Engine.SkyLight Name:SkyLight_1 Label:SkyLight SpatiallyLoaded:0 Bounds:IsValid=true, Min=(X=0.000 Y=0.000 Z=690.000), Max=(X=0.000 Y=0.000 Z=690.000) RuntimeGrid:None EditorOnly:0 RuntimeOnly:0 HLODRelevant:0 FolderPath:Arena/HideWhat FolderGuid:4C556963462B5D49496AD286A4690C47
 |- ContainerInstances:
 |- [+] MainContainer:
 |   |-        ID: 0x0000000000000000
 |   |-    Bounds: IsValid=false, Min=(X=0.000 Y=0.000 Z=0.000), Max=(X=0.000 Y=0.000 Z=0.000)
 |   |- Transform: 0.000000,0.000000,0.000000|0.000000,0.000000,-0.000000|1.000000,1.000000,1.000000
 |   |- Container: /Game/TopDown/Maps/TopDownMap
----------------------------------------------------------------------------------------------------------------
TopDownMap - Persistent Level
----------------------------------------------------------------------------------------------------------------
Always loaded Actor Count: 33 

----------------------------------------------------------------------------------------------------------------
TopDownMap - Runtime Spatial Hash - Streaming Grid - MainGrid
----------------------------------------------------------------------------------------------------------------
            Origin: X=0.000 Y=0.000 Z=0.000
         Cell Size: 12800
      World Bounds: IsValid=false, Min=(X=0.000 Y=0.000 Z=0.000), Max=(X=0.000 Y=0.000 Z=0.000)
     Loading Range: 25600.00
Block Slow Loading: No
 ClientOnlyVisible: No

[+] Grid Levels: 1
 |- Level  0: Cell Count    0 | Cell Size   12800 | Actor Count    0 (0.0%)

[+] Content of Grid Level 0

