[+] Containers:
 |- [+] Container: /Game/ThirdPerson/Maps/helloWorld
 |   |- [+] ActorDescs:
 |   |   |- Guid:273C76D84388A772DE42EBB48BEE7F77 BaseClass:/Game/Blueprints/HelloWorldbp.HelloWorldbp_C NativeClass:/Script/Engine.Actor Name:HelloWorldbp_C_UAID_C45AB1EAA4327EA801_2048331750 Label:HelloWorldbp3 SpatiallyLoaded:1 Bounds:IsValid=true, Min=(X=1550.000 Y=1850.000 Z=-25.000), Max=(X=1670.000 Y=1970.000 Z=215.000) RuntimeGrid:None EditorOnly:0 RuntimeOnly:0 HLODRelevant:0 FolderPath:Block03 FolderGuid:7B7009C345D3D6DD94D3429E1D79C034
 |   |   |- Guid:2A8A0662460418462F9289B6F80827AF BaseClass: NativeClass:/Script/Engine.WorldDataLayers Name:WorldDataLayers Label:WorldDataLayers SpatiallyLoaded:0 Bounds:IsValid=true, Min=(X=0.000 Y=0.000 Z=0.000), Max=(X=0.000 Y=0.000 Z=0.000) RuntimeGrid:None EditorOnly:0 RuntimeOnly:0 HLODRelevant:0
 |   |   |- Guid:2B0EFD01407AA23D4817119142EFCA12 BaseClass:/Game/Blueprints/HelloWorldbp.HelloWorldbp_C NativeClass:/Script/Engine.Actor Name:HelloWorldbp_C_UAID_C45AB1EAA4327EA801_2046646749 Label:HelloWorldbp2 SpatiallyLoaded:1 Bounds:IsValid=true, Min=(X=820.000 Y=1840.000 Z=-25.000), Max=(X=940.000 Y=1960.000 Z=215.000) RuntimeGrid:None EditorOnly:0 RuntimeOnly:0 HLODRelevant:0 FolderPath:Block03 FolderGuid:7B7009C345D3D6DD94D3429E1D79C034
 |   |   |- Guid:2FD843CC4C92F21EEE7DCD81F7F14167 BaseClass: NativeClass:/Script/Engine.PlayerStart Name:PlayerStart_0 Label:PlayerStart SpatiallyLoaded:0 Bounds:IsValid=true, Min=(X=860.000 Y=1070.000 Z=0.013), Max=(X=940.000 Y=1150.000 Z=184.013) RuntimeGrid:None EditorOnly:0 RuntimeOnly:0 HLODRelevant:0
 |   |   |- Guid:333EA51B4A4373919B9F8F9506719F90 BaseClass: NativeClass:/Script/Engine.VolumetricCloud Name:VolumetricCloud_0 Label:VolumetricCloud SpatiallyLoaded:0 Bounds:IsValid=true, Min=(X=0.000 Y=0.000 Z=820.000), Max=(X=0.000 Y=0.000 Z=820.000) RuntimeGrid:None EditorOnly:0 RuntimeOnly:0 HLODRelevant:0 FolderPath:Lighting FolderGuid:963EC3EB4002CCE9759E2EBA541A873A
 |   |   |- Guid:48C9CCA34ADA12622DED7C92D4C75D56 BaseClass: NativeClass:/Script/Engine.ExponentialHeightFog Name:ExponentialHeightFog_0 Label:ExponentialHeightFog SpatiallyLoaded:0 Bounds:IsValid=true, Min=(X=-5600.000 Y=-50.000 Z=-6850.000), Max=(X=-5600.000 Y=-50.000 Z=-6850.000) RuntimeGrid:None EditorOnly:0 RuntimeOnly:0 HLODRelevant:0 FolderPath:Lighting FolderGuid:963EC3EB4002CCE9759E2EBA541A873A
 |   |   |- Guid:8474C32746A8FB7C623759B58B7F4CBE BaseClass: NativeClass:/Script/Engine.SkyAtmosphere Name:SkyAtmosphere_0 Label:SkyAtmosphere SpatiallyLoaded:0 Bounds:IsValid=true, Min=(X=0.000 Y=0.000 Z=1020.000), Max=(X=0.000 Y=0.000 Z=1020.000) RuntimeGrid:None EditorOnly:0 RuntimeOnly:0 HLODRelevant:0 FolderPath:Lighting FolderGuid:963EC3EB4002CCE9759E2EBA541A873A
 |   |   |- Guid:8E1D487B4C2107B0E7631E9AE9E05040 BaseClass: NativeClass:/Script/Engine.StaticMeshActor Name:StaticMeshActor_UAID_A4AE111137DC5EFB00_1110535423 Label:SM_SkySphere SpatiallyLoaded:0 Bounds:IsValid=true, Min=(X=-1638400.000 Y=-1638400.000 Z=-1638400.000), Max=(X=1638400.000 Y=1638400.000 Z=1638400.000) RuntimeGrid:None EditorOnly:0 RuntimeOnly:0 HLODRelevant:1 FolderPath:Lighting FolderGuid:963EC3EB4002CCE9759E2EBA541A873A
 |   |   |- Guid:97E67AF74B2FEA410138F39248C8745C BaseClass:/Game/Blueprints/HelloWorldbp.HelloWorldbp_C NativeClass:/Script/Engine.Actor Name:HelloWorldbp_C_UAID_C45AB1EAA4327EA801_2050470751 Label:HelloWorldbp4 SpatiallyLoaded:1 Bounds:IsValid=true, Min=(X=1260.000 Y=1560.000 Z=-25.000), Max=(X=1380.000 Y=1680.000 Z=215.000) RuntimeGrid:None EditorOnly:0 RuntimeOnly:0 HLODRelevant:0 FolderPath:Block03 FolderGuid:7B7009C345D3D6DD94D3429E1D79C034
 |   |   |- Guid:A7CA472F418511168B29B2BC0A28455D BaseClass:/Game/Blueprints/HelloWorldbp.HelloWorldbp_C NativeClass:/Script/Engine.Actor Name:HelloWorldbp_C_UAID_C45AB1EAA4327EA801_2052843752 Label:HelloWorldbp5 SpatiallyLoaded:1 Bounds:IsValid=true, Min=(X=1270.000 Y=1780.000 Z=-25.000), Max=(X=1390.000 Y=1900.000 Z=215.000) RuntimeGrid:None EditorOnly:0 RuntimeOnly:0 HLODRelevant:0 FolderPath:Block03 FolderGuid:7B7009C345D3D6DD94D3429E1D79C034
 |   |   |- Guid:B80860764B69345D9016C0AF3E2ED790 BaseClass:/Game/Blueprints/SlidingDoorsbp.SlidingDoorsbp_C NativeClass:/Script/Engine.Actor Name:SlidingDoorsbp_C_UAID_C45AB1EAA43280A801_1493115106 Label:SlidingDoorsbp SpatiallyLoaded:1 Bounds:IsValid=true, Min=(X=340.000 Y=2440.000 Z=-20.000), Max=(X=640.000 Y=2940.000 Z=220.000) RuntimeGrid:None EditorOnly:0 RuntimeOnly:0 HLODRelevant:0
 |   |   |- Guid:C279202F4BD9B84DD934B9B536FD5E3F BaseClass: NativeClass:/Script/Engine.SkyLight Name:SkyLight_1 Label:SkyLight SpatiallyLoaded:0 Bounds:IsValid=true, Min=(X=0.000 Y=0.000 Z=690.000), Max=(X=0.000 Y=0.000 Z=690.000) RuntimeGrid:None EditorOnly:0 RuntimeOnly:0 HLODRelevant:0 FolderPath:Lighting FolderGuid:963EC3EB4002CCE9759E2EBA541A873A
 |   |   |- Guid:D6B40A0844917080BD2EA5B4ED27627C BaseClass:/Game/Blueprints/HelloWorldbp.HelloWorldbp_C NativeClass:/Script/Engine.Actor Name:HelloWorldbp_C_UAID_C45AB1EAA4327EA801_2012173748 Label:HelloWorldbp SpatiallyLoaded:1 Bounds:IsValid=true, Min=(X=810.000 Y=1570.000 Z=-25.000), Max=(X=930.000 Y=1690.000 Z=215.000) RuntimeGrid:None EditorOnly:0 RuntimeOnly:0 HLODRelevant:0 FolderPath:Block03 FolderGuid:7B7009C345D3D6DD94D3429E1D79C034
 |   |   |- Guid:F1127904428A01A09B714793CB9DA984 BaseClass: NativeClass:/Script/Engine.PostProcessVolume Name:PostProcessVolume_0 Label:PostProcessVolume SpatiallyLoaded:0 Bounds:IsValid=true, Min=(X=0.000 Y=0.000 Z=400.000), Max=(X=200.000 Y=200.000 Z=600.000) RuntimeGrid:None EditorOnly:0 RuntimeOnly:0 HLODRelevant:0 FolderPath:Lighting FolderGuid:963EC3EB4002CCE9759E2EBA541A873A
 |   |   |- Guid:F660008643DD6F560D0851B30CF41A56 BaseClass: NativeClass:/Script/Engine.StaticMeshActor Name:StaticMeshActor_1 Label:SM_Cube SpatiallyLoaded:1 Bounds:IsValid=true, Min=(X=0.000 Y=0.000 Z=-50.000), Max=(X=3000.000 Y=3500.000 Z=0.000) RuntimeGrid:None EditorOnly:0 RuntimeOnly:0 HLODRelevant:1
 |   |   |- Guid:FAACC44E448109E64287C2BEE9F5455B BaseClass: NativeClass:/Script/Engine.DirectionalLight Name:DirectionalLight_0 Label:DirectionalLight SpatiallyLoaded:0 Bounds:IsValid=true, Min=(X=-4398046511104.000 Y=-4398046511104.000 Z=-4398046511104.000), Max=(X=4398046511104.000 Y=4398046511104.000 Z=4398046511104.000) RuntimeGrid:None EditorOnly:0 RuntimeOnly:0 HLODRelevant:0 FolderPath:Lighting FolderGuid:963EC3EB4002CCE9759E2EBA541A873A
 |   |- [+] Clusters:
 |   |   |- [+] [  0]
 |   |   |   |- Guid:8E1D487B4C2107B0E7631E9AE9E05040 BaseClass: NativeClass:/Script/Engine.StaticMeshActor Name:StaticMeshActor_UAID_A4AE111137DC5EFB00_1110535423 Label:SM_SkySphere SpatiallyLoaded:0 Bounds:IsValid=true, Min=(X=-1638400.000 Y=-1638400.000 Z=-1638400.000), Max=(X=1638400.000 Y=1638400.000 Z=1638400.000) RuntimeGrid:None EditorOnly:0 RuntimeOnly:0 HLODRelevant:1 FolderPath:Lighting FolderGuid:963EC3EB4002CCE9759E2EBA541A873A
 |   |   |- [+] [  1]
 |   |   |   |- Guid:2FD843CC4C92F21EEE7DCD81F7F14167 BaseClass: NativeClass:/Script/Engine.PlayerStart Name:PlayerStart_0 Label:PlayerStart SpatiallyLoaded:0 Bounds:IsValid=true, Min=(X=860.000 Y=1070.000 Z=0.013), Max=(X=940.000 Y=1150.000 Z=184.013) RuntimeGrid:None EditorOnly:0 RuntimeOnly:0 HLODRelevant:0
 |   |   |- [+] [  2]
 |   |   |   |- Guid:97E67AF74B2FEA410138F39248C8745C BaseClass:/Game/Blueprints/HelloWorldbp.HelloWorldbp_C NativeClass:/Script/Engine.Actor Name:HelloWorldbp_C_UAID_C45AB1EAA4327EA801_2050470751 Label:HelloWorldbp4 SpatiallyLoaded:1 Bounds:IsValid=true, Min=(X=1260.000 Y=1560.000 Z=-25.000), Max=(X=1380.000 Y=1680.000 Z=215.000) RuntimeGrid:None EditorOnly:0 RuntimeOnly:0 HLODRelevant:0 FolderPath:Block03 FolderGuid:7B7009C345D3D6DD94D3429E1D79C034
 |   |   |- [+] [  3]
 |   |   |   |- Guid:F1127904428A01A09B714793CB9DA984 BaseClass: NativeClass:/Script/Engine.PostProcessVolume Name:PostProcessVolume_0 Label:PostProcessVolume SpatiallyLoaded:0 Bounds:IsValid=true, Min=(X=0.000 Y=0.000 Z=400.000), Max=(X=200.000 Y=200.000 Z=600.000) RuntimeGrid:None EditorOnly:0 RuntimeOnly:0 HLODRelevant:0 FolderPath:Lighting FolderGuid:963EC3EB4002CCE9759E2EBA541A873A
 |   |   |- [+] [  4]
 |   |   |   |- Guid:FAACC44E448109E64287C2BEE9F5455B BaseClass: NativeClass:/Script/Engine.DirectionalLight Name:DirectionalLight_0 Label:DirectionalLight SpatiallyLoaded:0 Bounds:IsValid=true, Min=(X=-4398046511104.000 Y=-4398046511104.000 Z=-4398046511104.000), Max=(X=4398046511104.000 Y=4398046511104.000 Z=4398046511104.000) RuntimeGrid:None EditorOnly:0 RuntimeOnly:0 HLODRelevant:0 FolderPath:Lighting FolderGuid:963EC3EB4002CCE9759E2EBA541A873A
 |   |   |- [+] [  5]
 |   |   |   |- Guid:273C76D84388A772DE42EBB48BEE7F77 BaseClass:/Game/Blueprints/HelloWorldbp.HelloWorldbp_C NativeClass:/Script/Engine.Actor Name:HelloWorldbp_C_UAID_C45AB1EAA4327EA801_2048331750 Label:HelloWorldbp3 SpatiallyLoaded:1 Bounds:IsValid=true, Min=(X=1550.000 Y=1850.000 Z=-25.000), Max=(X=1670.000 Y=1970.000 Z=215.000) RuntimeGrid:None EditorOnly:0 RuntimeOnly:0 HLODRelevant:0 FolderPath:Block03 FolderGuid:7B7009C345D3D6DD94D3429E1D79C034
 |   |   |- [+] [  6]
 |   |   |   |- Guid:333EA51B4A4373919B9F8F9506719F90 BaseClass: NativeClass:/Script/Engine.VolumetricCloud Name:VolumetricCloud_0 Label:VolumetricCloud SpatiallyLoaded:0 Bounds:IsValid=true, Min=(X=0.000 Y=0.000 Z=820.000), Max=(X=0.000 Y=0.000 Z=820.000) RuntimeGrid:None EditorOnly:0 RuntimeOnly:0 HLODRelevant:0 FolderPath:Lighting FolderGuid:963EC3EB4002CCE9759E2EBA541A873A
 |   |   |- [+] [  7]
 |   |   |   |- Guid:2B0EFD01407AA23D4817119142EFCA12 BaseClass:/Game/Blueprints/HelloWorldbp.HelloWorldbp_C NativeClass:/Script/Engine.Actor Name:HelloWorldbp_C_UAID_C45AB1EAA4327EA801_2046646749 Label:HelloWorldbp2 SpatiallyLoaded:1 Bounds:IsValid=true, Min=(X=820.000 Y=1840.000 Z=-25.000), Max=(X=940.000 Y=1960.000 Z=215.000) RuntimeGrid:None EditorOnly:0 RuntimeOnly:0 HLODRelevant:0 FolderPath:Block03 FolderGuid:7B7009C345D3D6DD94D3429E1D79C034
 |   |   |- [+] [  8]
 |   |   |   |- Guid:8474C32746A8FB7C623759B58B7F4CBE BaseClass: NativeClass:/Script/Engine.SkyAtmosphere Name:SkyAtmosphere_0 Label:SkyAtmosphere SpatiallyLoaded:0 Bounds:IsValid=true, Min=(X=0.000 Y=0.000 Z=1020.000), Max=(X=0.000 Y=0.000 Z=1020.000) RuntimeGrid:None EditorOnly:0 RuntimeOnly:0 HLODRelevant:0 FolderPath:Lighting FolderGuid:963EC3EB4002CCE9759E2EBA541A873A
 |   |   |- [+] [  9]
 |   |   |   |- Guid:F660008643DD6F560D0851B30CF41A56 BaseClass: NativeClass:/Script/Engine.StaticMeshActor Name:StaticMeshActor_1 Label:SM_Cube SpatiallyLoaded:1 Bounds:IsValid=true, Min=(X=0.000 Y=0.000 Z=-50.000), Max=(X=3000.000 Y=3500.000 Z=0.000) RuntimeGrid:None EditorOnly:0 RuntimeOnly:0 HLODRelevant:1
 |   |   |- [+] [ 10]
 |   |   |   |- Guid:48C9CCA34ADA12622DED7C92D4C75D56 BaseClass: NativeClass:/Script/Engine.ExponentialHeightFog Name:ExponentialHeightFog_0 Label:ExponentialHeightFog SpatiallyLoaded:0 Bounds:IsValid=true, Min=(X=-5600.000 Y=-50.000 Z=-6850.000), Max=(X=-5600.000 Y=-50.000 Z=-6850.000) RuntimeGrid:None EditorOnly:0 RuntimeOnly:0 HLODRelevant:0 FolderPath:Lighting FolderGuid:963EC3EB4002CCE9759E2EBA541A873A
 |   |   |- [+] [ 11]
 |   |   |   |- Guid:2A8A0662460418462F9289B6F80827AF BaseClass: NativeClass:/Script/Engine.WorldDataLayers Name:WorldDataLayers Label:WorldDataLayers SpatiallyLoaded:0 Bounds:IsValid=true, Min=(X=0.000 Y=0.000 Z=0.000), Max=(X=0.000 Y=0.000 Z=0.000) RuntimeGrid:None EditorOnly:0 RuntimeOnly:0 HLODRelevant:0
 |   |   |- [+] [ 12]
 |   |   |   |- Guid:C279202F4BD9B84DD934B9B536FD5E3F BaseClass: NativeClass:/Script/Engine.SkyLight Name:SkyLight_1 Label:SkyLight SpatiallyLoaded:0 Bounds:IsValid=true, Min=(X=0.000 Y=0.000 Z=690.000), Max=(X=0.000 Y=0.000 Z=690.000) RuntimeGrid:None EditorOnly:0 RuntimeOnly:0 HLODRelevant:0 FolderPath:Lighting FolderGuid:963EC3EB4002CCE9759E2EBA541A873A
 |   |   |- [+] [ 13]
 |   |   |   |- Guid:D6B40A0844917080BD2EA5B4ED27627C BaseClass:/Game/Blueprints/HelloWorldbp.HelloWorldbp_C NativeClass:/Script/Engine.Actor Name:HelloWorldbp_C_UAID_C45AB1EAA4327EA801_2012173748 Label:HelloWorldbp SpatiallyLoaded:1 Bounds:IsValid=true, Min=(X=810.000 Y=1570.000 Z=-25.000), Max=(X=930.000 Y=1690.000 Z=215.000) RuntimeGrid:None EditorOnly:0 RuntimeOnly:0 HLODRelevant:0 FolderPath:Block03 FolderGuid:7B7009C345D3D6DD94D3429E1D79C034
 |   |   |- [+] [ 14]
 |   |   |   |- Guid:A7CA472F418511168B29B2BC0A28455D BaseClass:/Game/Blueprints/HelloWorldbp.HelloWorldbp_C NativeClass:/Script/Engine.Actor Name:HelloWorldbp_C_UAID_C45AB1EAA4327EA801_2052843752 Label:HelloWorldbp5 SpatiallyLoaded:1 Bounds:IsValid=true, Min=(X=1270.000 Y=1780.000 Z=-25.000), Max=(X=1390.000 Y=1900.000 Z=215.000) RuntimeGrid:None EditorOnly:0 RuntimeOnly:0 HLODRelevant:0 FolderPath:Block03 FolderGuid:7B7009C345D3D6DD94D3429E1D79C034
 |   |   |- [+] [ 15]
 |   |   |   |- Guid:B80860764B69345D9016C0AF3E2ED790 BaseClass:/Game/Blueprints/SlidingDoorsbp.SlidingDoorsbp_C NativeClass:/Script/Engine.Actor Name:SlidingDoorsbp_C_UAID_C45AB1EAA43280A801_1493115106 Label:SlidingDoorsbp SpatiallyLoaded:1 Bounds:IsValid=true, Min=(X=340.000 Y=2440.000 Z=-20.000), Max=(X=640.000 Y=2940.000 Z=220.000) RuntimeGrid:None EditorOnly:0 RuntimeOnly:0 HLODRelevant:0
 |- ContainerInstances:
 |- [+] MainContainer:
 |   |-        ID: 0x0000000000000000
 |   |-    Bounds: IsValid=false, Min=(X=0.000 Y=0.000 Z=0.000), Max=(X=0.000 Y=0.000 Z=0.000)
 |   |- Transform: 0.000000,0.000000,0.000000|0.000000,0.000000,-0.000000|1.000000,1.000000,1.000000
 |   |- Container: /Game/ThirdPerson/Maps/helloWorld
----------------------------------------------------------------------------------------------------------------
helloWorld - Persistent Level
----------------------------------------------------------------------------------------------------------------
Always loaded Actor Count: 30 

----------------------------------------------------------------------------------------------------------------
helloWorld - Runtime Spatial Hash - Streaming Grid - MainGrid
----------------------------------------------------------------------------------------------------------------
            Origin: X=0.000 Y=0.000 Z=0.000
         Cell Size: 12800
      World Bounds: IsValid=false, Min=(X=0.000 Y=0.000 Z=0.000), Max=(X=0.000 Y=0.000 Z=0.000)
     Loading Range: 25600.00
Block Slow Loading: No
 ClientOnlyVisible: No

[+] Grid Levels: 1
 |- Level  0: Cell Count    0 | Cell Size   12800 | Actor Count    0 (0.0%)

[+] Content of Grid Level 0

